{"/Users/juan/code/terraform-url-shortener/terraform/command_lambda_function/function.js": {"path":"/Users/juan/code/terraform-url-shortener/terraform/command_lambda_function/function.js","statementMap":{"0":{"start":{"line":1,"column":12},"end":{"line":1,"column":30}},"1":{"start":{"line":2,"column":0},"end":{"line":2,"column":43}},"2":{"start":{"line":4,"column":0},"end":{"line":78,"column":2}},"3":{"start":{"line":5,"column":2},"end":{"line":5,"column":65}},"4":{"start":{"line":6,"column":2},"end":{"line":6,"column":68}},"5":{"start":{"line":8,"column":14},"end":{"line":8,"column":32}},"6":{"start":{"line":9,"column":20},"end":{"line":9,"column":33}},"7":{"start":{"line":10,"column":19},"end":{"line":10,"column":58}},"8":{"start":{"line":13,"column":19},"end":{"line":13,"column":22}},"9":{"start":{"line":14,"column":18},"end":{"line":16,"column":3}},"10":{"start":{"line":18,"column":15},"end":{"line":20,"column":3}},"11":{"start":{"line":22,"column":2},"end":{"line":69,"column":3}},"12":{"start":{"line":23,"column":4},"end":{"line":65,"column":5}},"13":{"start":{"line":25,"column":6},"end":{"line":25,"column":43}},"14":{"start":{"line":26,"column":26},"end":{"line":26,"column":41}},"15":{"start":{"line":28,"column":6},"end":{"line":30,"column":7}},"16":{"start":{"line":29,"column":8},"end":{"line":29,"column":55}},"17":{"start":{"line":32,"column":21},"end":{"line":32,"column":56}},"18":{"start":{"line":33,"column":27},"end":{"line":33,"column":46}},"19":{"start":{"line":35,"column":6},"end":{"line":35,"column":54}},"20":{"start":{"line":37,"column":6},"end":{"line":37,"column":57}},"21":{"start":{"line":38,"column":6},"end":{"line":38,"column":58}},"22":{"start":{"line":46,"column":28},"end":{"line":55,"column":7}},"23":{"start":{"line":57,"column":6},"end":{"line":57,"column":57}},"24":{"start":{"line":58,"column":6},"end":{"line":58,"column":59}},"25":{"start":{"line":60,"column":6},"end":{"line":60,"column":36}},"26":{"start":{"line":61,"column":6},"end":{"line":61,"column":12}},"27":{"start":{"line":64,"column":6},"end":{"line":64,"column":58}},"28":{"start":{"line":67,"column":4},"end":{"line":67,"column":21}},"29":{"start":{"line":68,"column":4},"end":{"line":68,"column":31}},"30":{"start":{"line":71,"column":19},"end":{"line":75,"column":3}},"31":{"start":{"line":77,"column":2},"end":{"line":77,"column":18}},"32":{"start":{"line":81,"column":2},"end":{"line":84,"column":8}},"33":{"start":{"line":82,"column":4},"end":{"line":82,"column":41}},"34":{"start":{"line":83,"column":4},"end":{"line":83,"column":17}}},"fnMap":{"0":{"name":"(anonymous_0)","decl":{"start":{"line":4,"column":18},"end":{"line":4,"column":19}},"loc":{"start":{"line":4,"column":44},"end":{"line":78,"column":1}},"line":4},"1":{"name":"generateHashCode","decl":{"start":{"line":80,"column":9},"end":{"line":80,"column":25}},"loc":{"start":{"line":80,"column":31},"end":{"line":85,"column":1}},"line":80},"2":{"name":"(anonymous_2)","decl":{"start":{"line":81,"column":30},"end":{"line":81,"column":31}},"loc":{"start":{"line":81,"column":45},"end":{"line":84,"column":3}},"line":81}},"branchMap":{"0":{"loc":{"start":{"line":23,"column":4},"end":{"line":65,"column":5}},"type":"switch","locations":[{"start":{"line":24,"column":4},"end":{"line":61,"column":12}},{"start":{"line":63,"column":4},"end":{"line":64,"column":58}}],"line":23},"1":{"loc":{"start":{"line":28,"column":6},"end":{"line":30,"column":7}},"type":"if","locations":[{"start":{"line":28,"column":6},"end":{"line":30,"column":7}},{"start":{},"end":{}}],"line":28}},"s":{"0":1,"1":1,"2":1,"3":5,"4":5,"5":5,"6":5,"7":5,"8":5,"9":5,"10":5,"11":5,"12":5,"13":4,"14":4,"15":4,"16":1,"17":3,"18":3,"19":3,"20":3,"21":3,"22":3,"23":3,"24":3,"25":2,"26":2,"27":1,"28":3,"29":3,"30":5,"31":5,"32":3,"33":132,"34":132},"f":{"0":5,"1":3,"2":132},"b":{"0":[4,1],"1":[1,3]},"_coverageSchema":"1a1c01bbd47fc00a2c39e90264f33305004495a9","hash":"3c9c84174a34afd59abef28cd605f5dc12db5913"}
}
