{"/Users/juan/code/terraform-url-shortener/terraform/command_lambda_function/function.js": {"path":"/Users/juan/code/terraform-url-shortener/terraform/command_lambda_function/function.js","statementMap":{"0":{"start":{"line":1,"column":12},"end":{"line":1,"column":30}},"1":{"start":{"line":2,"column":0},"end":{"line":2,"column":43}},"2":{"start":{"line":4,"column":0},"end":{"line":87,"column":2}},"3":{"start":{"line":5,"column":2},"end":{"line":5,"column":65}},"4":{"start":{"line":6,"column":2},"end":{"line":6,"column":68}},"5":{"start":{"line":8,"column":14},"end":{"line":8,"column":32}},"6":{"start":{"line":9,"column":20},"end":{"line":9,"column":33}},"7":{"start":{"line":10,"column":19},"end":{"line":10,"column":58}},"8":{"start":{"line":13,"column":19},"end":{"line":13,"column":22}},"9":{"start":{"line":14,"column":18},"end":{"line":16,"column":3}},"10":{"start":{"line":18,"column":15},"end":{"line":20,"column":3}},"11":{"start":{"line":22,"column":2},"end":{"line":78,"column":3}},"12":{"start":{"line":23,"column":4},"end":{"line":74,"column":5}},"13":{"start":{"line":25,"column":6},"end":{"line":25,"column":43}},"14":{"start":{"line":26,"column":26},"end":{"line":26,"column":41}},"15":{"start":{"line":28,"column":6},"end":{"line":30,"column":7}},"16":{"start":{"line":29,"column":8},"end":{"line":29,"column":55}},"17":{"start":{"line":32,"column":21},"end":{"line":32,"column":56}},"18":{"start":{"line":33,"column":27},"end":{"line":33,"column":46}},"19":{"start":{"line":35,"column":6},"end":{"line":35,"column":54}},"20":{"start":{"line":37,"column":6},"end":{"line":37,"column":57}},"21":{"start":{"line":38,"column":6},"end":{"line":38,"column":58}},"22":{"start":{"line":42,"column":6},"end":{"line":42,"column":42}},"23":{"start":{"line":69,"column":6},"end":{"line":69,"column":36}},"24":{"start":{"line":70,"column":6},"end":{"line":70,"column":12}},"25":{"start":{"line":73,"column":6},"end":{"line":73,"column":58}},"26":{"start":{"line":76,"column":4},"end":{"line":76,"column":21}},"27":{"start":{"line":77,"column":4},"end":{"line":77,"column":31}},"28":{"start":{"line":80,"column":19},"end":{"line":84,"column":3}},"29":{"start":{"line":86,"column":2},"end":{"line":86,"column":18}},"30":{"start":{"line":90,"column":2},"end":{"line":93,"column":8}},"31":{"start":{"line":91,"column":4},"end":{"line":91,"column":41}},"32":{"start":{"line":92,"column":4},"end":{"line":92,"column":17}}},"fnMap":{"0":{"name":"(anonymous_0)","decl":{"start":{"line":4,"column":18},"end":{"line":4,"column":19}},"loc":{"start":{"line":4,"column":44},"end":{"line":87,"column":1}},"line":4},"1":{"name":"generateHashCode","decl":{"start":{"line":89,"column":9},"end":{"line":89,"column":25}},"loc":{"start":{"line":89,"column":31},"end":{"line":94,"column":1}},"line":89},"2":{"name":"(anonymous_2)","decl":{"start":{"line":90,"column":30},"end":{"line":90,"column":31}},"loc":{"start":{"line":90,"column":45},"end":{"line":93,"column":3}},"line":90}},"branchMap":{"0":{"loc":{"start":{"line":23,"column":4},"end":{"line":74,"column":5}},"type":"switch","locations":[{"start":{"line":24,"column":4},"end":{"line":70,"column":12}},{"start":{"line":72,"column":4},"end":{"line":73,"column":58}}],"line":23},"1":{"loc":{"start":{"line":28,"column":6},"end":{"line":30,"column":7}},"type":"if","locations":[{"start":{"line":28,"column":6},"end":{"line":30,"column":7}},{"start":{},"end":{}}],"line":28}},"s":{"0":1,"1":1,"2":1,"3":3,"4":3,"5":3,"6":3,"7":3,"8":3,"9":3,"10":3,"11":3,"12":3,"13":2,"14":2,"15":2,"16":1,"17":1,"18":1,"19":1,"20":1,"21":1,"22":1,"23":1,"24":1,"25":1,"26":2,"27":2,"28":3,"29":3,"30":1,"31":44,"32":44},"f":{"0":3,"1":1,"2":44},"b":{"0":[2,1],"1":[1,1]},"_coverageSchema":"1a1c01bbd47fc00a2c39e90264f33305004495a9","hash":"8f696fc675165a062f44b5531868ccb0b7c0a7a4"}
}
