TN:
SF:function.js
FN:4,(anonymous_0)
FN:80,generateHashCode
FN:81,(anonymous_2)
FNF:3
FNH:3
FNDA:5,(anonymous_0)
FNDA:3,generateHashCode
FNDA:132,(anonymous_2)
DA:1,1
DA:2,1
DA:4,1
DA:5,5
DA:6,5
DA:8,5
DA:9,5
DA:10,5
DA:13,5
DA:14,5
DA:18,5
DA:22,5
DA:23,5
DA:25,4
DA:26,4
DA:28,4
DA:29,1
DA:32,3
DA:33,3
DA:35,3
DA:37,3
DA:38,3
DA:46,3
DA:57,3
DA:58,3
DA:60,2
DA:61,2
DA:64,1
DA:67,3
DA:68,3
DA:71,5
DA:77,5
DA:81,3
DA:82,132
DA:83,132
LF:35
LH:35
BRDA:23,0,0,4
BRDA:23,0,1,1
BRDA:28,1,0,1
BRDA:28,1,1,3
BRF:4
BRH:4
end_of_record
