TN:
SF:function.js
FN:4,(anonymous_0)
FN:89,generateHashCode
FN:90,(anonymous_2)
FNF:3
FNH:3
FNDA:3,(anonymous_0)
FNDA:1,generateHashCode
FNDA:44,(anonymous_2)
DA:1,1
DA:2,1
DA:4,1
DA:5,3
DA:6,3
DA:8,3
DA:9,3
DA:10,3
DA:13,3
DA:14,3
DA:18,3
DA:22,3
DA:23,3
DA:25,2
DA:26,2
DA:28,2
DA:29,1
DA:32,1
DA:33,1
DA:35,1
DA:37,1
DA:38,1
DA:42,1
DA:69,1
DA:70,1
DA:73,1
DA:76,2
DA:77,2
DA:80,3
DA:86,3
DA:90,1
DA:91,44
DA:92,44
LF:33
LH:33
BRDA:23,0,0,2
BRDA:23,0,1,1
BRDA:28,1,0,1
BRDA:28,1,1,1
BRF:4
BRH:4
end_of_record
