<?xml version="1.0" encoding="UTF-8"?>
<coverage generated="1708641084476" clover="3.2.0">
  <project timestamp="1708641084476" name="All files">
    <metrics statements="28" coveredstatements="28" conditionals="10" coveredconditionals="10" methods="3" coveredmethods="3" elements="41" coveredelements="41" complexity="0" loc="28" ncloc="28" packages="1" files="1" classes="1"/>
    <file name="function.js" path="/Users/juan/code/terraform-url-shortener/terraform/upsert_lambda_function/function.js">
      <metrics statements="28" coveredstatements="28" conditionals="10" coveredconditionals="10" methods="3" coveredmethods="3"/>
      <line num="1" count="1" type="stmt"/>
      <line num="2" count="1" type="stmt"/>
      <line num="4" count="1" type="stmt"/>
      <line num="5" count="6" type="stmt"/>
      <line num="7" count="6" type="stmt"/>
      <line num="9" count="6" type="stmt"/>
      <line num="11" count="6" type="cond" truecount="2" falsecount="0"/>
      <line num="13" count="6" type="stmt"/>
      <line num="14" count="5" type="stmt"/>
      <line num="15" count="5" type="stmt"/>
      <line num="17" count="5" type="stmt"/>
      <line num="18" count="5" type="stmt"/>
      <line num="19" count="5" type="stmt"/>
      <line num="21" count="5" type="cond" truecount="2" falsecount="0"/>
      <line num="22" count="4" type="cond" truecount="2" falsecount="0"/>
      <line num="23" count="3" type="cond" truecount="2" falsecount="0"/>
      <line num="25" count="2" type="stmt"/>
      <line num="26" count="2" type="cond" truecount="2" falsecount="0"/>
      <line num="27" count="1" type="stmt"/>
      <line num="28" count="1" type="stmt"/>
      <line num="29" count="1" type="stmt"/>
      <line num="31" count="1" type="stmt"/>
      <line num="32" count="1" type="stmt"/>
      <line num="36" count="3" type="stmt"/>
      <line num="37" count="3" type="stmt"/>
      <line num="38" count="3" type="stmt"/>
      <line num="42" count="6" type="stmt"/>
      <line num="47" count="6" type="stmt"/>
    </file>
  </project>
</coverage>
