{"/Users/juan/code/terraform-url-shortener/terraform/upsert_lambda_function/function.js": {"path":"/Users/juan/code/terraform-url-shortener/terraform/upsert_lambda_function/function.js","statementMap":{"0":{"start":{"line":1,"column":12},"end":{"line":1,"column":30}},"1":{"start":{"line":2,"column":0},"end":{"line":2,"column":43}},"2":{"start":{"line":4,"column":0},"end":{"line":48,"column":2}},"3":{"start":{"line":5,"column":2},"end":{"line":5,"column":65}},"4":{"start":{"line":7,"column":14},"end":{"line":7,"column":32}},"5":{"start":{"line":9,"column":19},"end":{"line":9,"column":22}},"6":{"start":{"line":11,"column":2},"end":{"line":11,"column":73}},"7":{"start":{"line":11,"column":35},"end":{"line":11,"column":71}},"8":{"start":{"line":13,"column":2},"end":{"line":40,"column":5}},"9":{"start":{"line":14,"column":18},"end":{"line":14,"column":29}},"10":{"start":{"line":15,"column":4},"end":{"line":15,"column":76}},"11":{"start":{"line":17,"column":4},"end":{"line":39,"column":5}},"12":{"start":{"line":18,"column":6},"end":{"line":18,"column":40}},"13":{"start":{"line":19,"column":6},"end":{"line":19,"column":49}},"14":{"start":{"line":21,"column":6},"end":{"line":21,"column":87}},"15":{"start":{"line":21,"column":31},"end":{"line":21,"column":85}},"16":{"start":{"line":22,"column":6},"end":{"line":22,"column":93}},"17":{"start":{"line":22,"column":34},"end":{"line":22,"column":91}},"18":{"start":{"line":23,"column":6},"end":{"line":23,"column":111}},"19":{"start":{"line":23,"column":43},"end":{"line":23,"column":109}},"20":{"start":{"line":25,"column":6},"end":{"line":34,"column":9}},"21":{"start":{"line":26,"column":8},"end":{"line":33,"column":9}},"22":{"start":{"line":27,"column":10},"end":{"line":27,"column":53}},"23":{"start":{"line":28,"column":10},"end":{"line":28,"column":27}},"24":{"start":{"line":29,"column":10},"end":{"line":29,"column":37}},"25":{"start":{"line":31,"column":10},"end":{"line":31,"column":48}},"26":{"start":{"line":32,"column":10},"end":{"line":32,"column":30}},"27":{"start":{"line":36,"column":6},"end":{"line":36,"column":49}},"28":{"start":{"line":37,"column":6},"end":{"line":37,"column":23}},"29":{"start":{"line":38,"column":6},"end":{"line":38,"column":33}},"30":{"start":{"line":42,"column":19},"end":{"line":45,"column":3}},"31":{"start":{"line":47,"column":2},"end":{"line":47,"column":18}}},"fnMap":{"0":{"name":"(anonymous_0)","decl":{"start":{"line":4,"column":18},"end":{"line":4,"column":19}},"loc":{"start":{"line":4,"column":29},"end":{"line":48,"column":1}},"line":4},"1":{"name":"(anonymous_1)","decl":{"start":{"line":13,"column":24},"end":{"line":13,"column":25}},"loc":{"start":{"line":13,"column":36},"end":{"line":40,"column":3}},"line":13},"2":{"name":"(anonymous_2)","decl":{"start":{"line":25,"column":31},"end":{"line":25,"column":32}},"loc":{"start":{"line":25,"column":51},"end":{"line":34,"column":7}},"line":25}},"branchMap":{"0":{"loc":{"start":{"line":11,"column":2},"end":{"line":11,"column":73}},"type":"if","locations":[{"start":{"line":11,"column":2},"end":{"line":11,"column":73}},{"start":{},"end":{}}],"line":11},"1":{"loc":{"start":{"line":21,"column":6},"end":{"line":21,"column":87}},"type":"if","locations":[{"start":{"line":21,"column":6},"end":{"line":21,"column":87}},{"start":{},"end":{}}],"line":21},"2":{"loc":{"start":{"line":22,"column":6},"end":{"line":22,"column":93}},"type":"if","locations":[{"start":{"line":22,"column":6},"end":{"line":22,"column":93}},{"start":{},"end":{}}],"line":22},"3":{"loc":{"start":{"line":23,"column":6},"end":{"line":23,"column":111}},"type":"if","locations":[{"start":{"line":23,"column":6},"end":{"line":23,"column":111}},{"start":{},"end":{}}],"line":23},"4":{"loc":{"start":{"line":26,"column":8},"end":{"line":33,"column":9}},"type":"if","locations":[{"start":{"line":26,"column":8},"end":{"line":33,"column":9}},{"start":{"line":30,"column":15},"end":{"line":33,"column":9}}],"line":26}},"s":{"0":1,"1":1,"2":1,"3":6,"4":6,"5":6,"6":6,"7":1,"8":6,"9":5,"10":5,"11":5,"12":5,"13":5,"14":5,"15":1,"16":4,"17":1,"18":3,"19":1,"20":2,"21":2,"22":1,"23":1,"24":1,"25":1,"26":1,"27":3,"28":3,"29":3,"30":6,"31":6},"f":{"0":6,"1":5,"2":2},"b":{"0":[1,5],"1":[1,4],"2":[1,3],"3":[1,2],"4":[1,1]},"_coverageSchema":"1a1c01bbd47fc00a2c39e90264f33305004495a9","hash":"175dd9b08732889a7862a72256933943772c0228"}
}
