{"/Users/juan/code/terraform-url-shortener/terraform/upsert_lambda_function/function.js": {"path":"/Users/juan/code/terraform-url-shortener/terraform/upsert_lambda_function/function.js","statementMap":{"0":{"start":{"line":1,"column":12},"end":{"line":1,"column":30}},"1":{"start":{"line":2,"column":0},"end":{"line":2,"column":43}},"2":{"start":{"line":4,"column":0},"end":{"line":49,"column":2}},"3":{"start":{"line":5,"column":2},"end":{"line":5,"column":65}},"4":{"start":{"line":7,"column":14},"end":{"line":7,"column":32}},"5":{"start":{"line":9,"column":19},"end":{"line":9,"column":22}},"6":{"start":{"line":10,"column":15},"end":{"line":12,"column":3}},"7":{"start":{"line":14,"column":2},"end":{"line":14,"column":73}},"8":{"start":{"line":14,"column":35},"end":{"line":14,"column":71}},"9":{"start":{"line":16,"column":2},"end":{"line":41,"column":5}},"10":{"start":{"line":17,"column":20},"end":{"line":17,"column":31}},"11":{"start":{"line":18,"column":4},"end":{"line":18,"column":76}},"12":{"start":{"line":20,"column":4},"end":{"line":40,"column":5}},"13":{"start":{"line":21,"column":6},"end":{"line":21,"column":40}},"14":{"start":{"line":22,"column":6},"end":{"line":22,"column":49}},"15":{"start":{"line":24,"column":6},"end":{"line":24,"column":87}},"16":{"start":{"line":24,"column":31},"end":{"line":24,"column":85}},"17":{"start":{"line":25,"column":6},"end":{"line":25,"column":93}},"18":{"start":{"line":25,"column":34},"end":{"line":25,"column":91}},"19":{"start":{"line":26,"column":6},"end":{"line":26,"column":111}},"20":{"start":{"line":26,"column":43},"end":{"line":26,"column":109}},"21":{"start":{"line":28,"column":6},"end":{"line":28,"column":64}},"22":{"start":{"line":29,"column":6},"end":{"line":29,"column":77}},"23":{"start":{"line":31,"column":6},"end":{"line":31,"column":38}},"24":{"start":{"line":33,"column":6},"end":{"line":33,"column":42}},"25":{"start":{"line":35,"column":6},"end":{"line":35,"column":35}},"26":{"start":{"line":37,"column":6},"end":{"line":37,"column":49}},"27":{"start":{"line":38,"column":6},"end":{"line":38,"column":23}},"28":{"start":{"line":39,"column":6},"end":{"line":39,"column":33}},"29":{"start":{"line":43,"column":19},"end":{"line":46,"column":3}},"30":{"start":{"line":48,"column":2},"end":{"line":48,"column":18}}},"fnMap":{"0":{"name":"(anonymous_0)","decl":{"start":{"line":4,"column":18},"end":{"line":4,"column":19}},"loc":{"start":{"line":4,"column":44},"end":{"line":49,"column":1}},"line":4},"1":{"name":"(anonymous_1)","decl":{"start":{"line":16,"column":24},"end":{"line":16,"column":25}},"loc":{"start":{"line":16,"column":40},"end":{"line":41,"column":3}},"line":16}},"branchMap":{"0":{"loc":{"start":{"line":14,"column":2},"end":{"line":14,"column":73}},"type":"if","locations":[{"start":{"line":14,"column":2},"end":{"line":14,"column":73}},{"start":{},"end":{}}],"line":14},"1":{"loc":{"start":{"line":24,"column":6},"end":{"line":24,"column":87}},"type":"if","locations":[{"start":{"line":24,"column":6},"end":{"line":24,"column":87}},{"start":{},"end":{}}],"line":24},"2":{"loc":{"start":{"line":25,"column":6},"end":{"line":25,"column":93}},"type":"if","locations":[{"start":{"line":25,"column":6},"end":{"line":25,"column":93}},{"start":{},"end":{}}],"line":25},"3":{"loc":{"start":{"line":26,"column":6},"end":{"line":26,"column":111}},"type":"if","locations":[{"start":{"line":26,"column":6},"end":{"line":26,"column":111}},{"start":{},"end":{}}],"line":26}},"s":{"0":1,"1":1,"2":1,"3":5,"4":5,"5":5,"6":5,"7":5,"8":1,"9":5,"10":4,"11":4,"12":4,"13":4,"14":4,"15":4,"16":1,"17":3,"18":1,"19":2,"20":1,"21":1,"22":1,"23":1,"24":1,"25":1,"26":3,"27":3,"28":3,"29":5,"30":5},"f":{"0":5,"1":4},"b":{"0":[1,4],"1":[1,3],"2":[1,2],"3":[1,1]},"_coverageSchema":"1a1c01bbd47fc00a2c39e90264f33305004495a9","hash":"d5acc2aee5a261f216db252b431fc36b5c9637ef"}
}
