{"/Users/juan/code/terraform-url-shortener/terraform/query_lambda_function/function.js": {"path":"/Users/juan/code/terraform-url-shortener/terraform/query_lambda_function/function.js","statementMap":{"0":{"start":{"line":1,"column":12},"end":{"line":1,"column":30}},"1":{"start":{"line":2,"column":0},"end":{"line":2,"column":43}},"2":{"start":{"line":4,"column":0},"end":{"line":50,"column":2}},"3":{"start":{"line":5,"column":2},"end":{"line":5,"column":65}},"4":{"start":{"line":6,"column":2},"end":{"line":6,"column":68}},"5":{"start":{"line":8,"column":14},"end":{"line":8,"column":32}},"6":{"start":{"line":9,"column":19},"end":{"line":9,"column":58}},"7":{"start":{"line":12,"column":19},"end":{"line":12,"column":22}},"8":{"start":{"line":13,"column":18},"end":{"line":15,"column":3}},"9":{"start":{"line":17,"column":15},"end":{"line":19,"column":3}},"10":{"start":{"line":21,"column":2},"end":{"line":41,"column":3}},"11":{"start":{"line":22,"column":4},"end":{"line":37,"column":5}},"12":{"start":{"line":24,"column":6},"end":{"line":24,"column":76}},"13":{"start":{"line":26,"column":6},"end":{"line":26,"column":66}},"14":{"start":{"line":27,"column":6},"end":{"line":27,"column":57}},"15":{"start":{"line":29,"column":6},"end":{"line":29,"column":49}},"16":{"start":{"line":31,"column":6},"end":{"line":31,"column":45}},"17":{"start":{"line":32,"column":6},"end":{"line":32,"column":23}},"18":{"start":{"line":33,"column":6},"end":{"line":33,"column":12}},"19":{"start":{"line":36,"column":6},"end":{"line":36,"column":58}},"20":{"start":{"line":39,"column":4},"end":{"line":39,"column":21}},"21":{"start":{"line":40,"column":4},"end":{"line":40,"column":31}},"22":{"start":{"line":43,"column":19},"end":{"line":47,"column":3}},"23":{"start":{"line":49,"column":2},"end":{"line":49,"column":18}}},"fnMap":{"0":{"name":"(anonymous_0)","decl":{"start":{"line":4,"column":18},"end":{"line":4,"column":19}},"loc":{"start":{"line":4,"column":44},"end":{"line":50,"column":1}},"line":4}},"branchMap":{"0":{"loc":{"start":{"line":22,"column":4},"end":{"line":37,"column":5}},"type":"switch","locations":[{"start":{"line":23,"column":4},"end":{"line":33,"column":12}},{"start":{"line":35,"column":4},"end":{"line":36,"column":58}}],"line":22}},"s":{"0":1,"1":1,"2":1,"3":3,"4":3,"5":3,"6":3,"7":3,"8":3,"9":3,"10":3,"11":3,"12":2,"13":2,"14":2,"15":2,"16":2,"17":1,"18":1,"19":1,"20":2,"21":2,"22":3,"23":3},"f":{"0":3},"b":{"0":[2,1]},"_coverageSchema":"1a1c01bbd47fc00a2c39e90264f33305004495a9","hash":"4e9af5637006670e93323af6c09b15d8c8c79a49"}
}
